<?xml version="1.0" encoding="UTF-8"?>
<!-- Generated by org.testng.reporters.JUnitXMLReporter -->
<testsuite ignored="0" hostname="DESKTOP-1U1LOV2" failures="0" tests="6" name="Surefire test" time="0.106" errors="0" timestamp="2021-06-11T14:48:55 IST">
  <testcase classname="quickprojectmaven.Mavenjava.AppiumTest" name="IOSApps" time="0.008"/>
  <testcase classname="quickprojectmaven.Mavenjava.AppiumTest" name="nativeAppAndroid" time="0.001"/>
  <testcase classname="quickprojectmaven.Mavenjava.RESTAPITest" name="deleteTwitter" time="0.001"/>
  <testcase classname="quickprojectmaven.Mavenjava.RESTAPITest" name="postJira" time="0.001"/>
  <testcase classname="quickprojectmaven.Mavenjava.SeleniumTest" name="browserAutomation" time="0.0"/>
  <testcase classname="quickprojectmaven.Mavenjava.SeleniumTest" name="elementsUi" time="0.0"/>
</testsuite> <!-- Surefire test -->
