<?xml version="1.0" encoding="UTF-8"?>
<!-- Generated by org.testng.reporters.JUnitXMLReporter -->
<testsuite hostname="DESKTOP-1U1LOV2" ignored="0" name="Test" tests="6" failures="0" timestamp="2021-05-28T17:22:50 IST" time="0.094" errors="0">
  <testcase name="browserAutomation" time="0.012" classname="quickprojectmaven.Mavenjava.SeleniumTest"/>
  <testcase name="elementsUi" time="0.002" classname="quickprojectmaven.Mavenjava.SeleniumTest"/>
  <testcase name="IOSApps" time="0.002" classname="quickprojectmaven.Mavenjava.AppiumTest"/>
  <testcase name="nativeAppAndroid" time="0.001" classname="quickprojectmaven.Mavenjava.AppiumTest"/>
  <testcase name="deleteTwitter" time="0.002" classname="quickprojectmaven.Mavenjava.RESTAPITest"/>
  <testcase name="postJira" time="0.002" classname="quickprojectmaven.Mavenjava.RESTAPITest"/>
</testsuite> <!-- Test -->
