<?xml version="1.0" encoding="UTF-8"?>
<!-- Generated by org.testng.reporters.JUnitXMLReporter -->
<testsuite ignored="1" hostname="DESKTOP-1U1LOV2" failures="0" tests="5" name="Test" time="0.093" errors="0" timestamp="2021-05-28T18:10:19 IST">
  <testcase classname="quickprojectmaven.Mavenjava.SeleniumTest" name="browserAutomation" time="0.012"/>
  <testcase classname="quickprojectmaven.Mavenjava.SeleniumTest" name="elementsUi" time="0.0"/>
  <testcase classname="quickprojectmaven.Mavenjava.AppiumTest" name="IOSApps" time="0.001"/>
  <testcase classname="quickprojectmaven.Mavenjava.AppiumTest" name="nativeAppAndroid" time="0.0"/>
  <testcase classname="quickprojectmaven.Mavenjava.RESTAPITest" name="deleteTwitter" time="0.0"/>
  <testcase classname="quickprojectmaven.Mavenjava.RESTAPITest" name="postJira" time="0.0">
    <ignored/>
  </testcase> <!-- postJira -->
</testsuite> <!-- Test -->
