<?xml version="1.0" encoding="UTF-8"?>
<testng-results ignored="0" total="6" passed="6" failed="0" skipped="0">
  <reporter-output>
  </reporter-output>
  <suite started-at="2021-06-11T14:48:54 IST" name="Surefire suite" finished-at="2021-06-11T14:48:55 IST" duration-ms="106">
    <groups>
    </groups>
    <test started-at="2021-06-11T14:48:54 IST" name="Surefire test" finished-at="2021-06-11T14:48:55 IST" duration-ms="106">
      <class name="quickprojectmaven.Mavenjava.RESTAPITest">
        <test-method signature="deleteTwitter()[pri:0, instance:quickprojectmaven.Mavenjava.RESTAPITest@770c2e6b]" started-at="2021-06-11T14:48:55 IST" name="deleteTwitter" description="This is testcase1" finished-at="2021-06-11T14:48:55 IST" duration-ms="1" status="PASS">
          <reporter-output>
          </reporter-output>
        </test-method> <!-- deleteTwitter -->
        <test-method signature="postJira()[pri:0, instance:quickprojectmaven.Mavenjava.RESTAPITest@770c2e6b]" started-at="2021-06-11T14:48:55 IST" name="postJira" finished-at="2021-06-11T14:48:55 IST" duration-ms="1" status="PASS">
          <reporter-output>
          </reporter-output>
        </test-method> <!-- postJira -->
      </class> <!-- quickprojectmaven.Mavenjava.RESTAPITest -->
      <class name="quickprojectmaven.Mavenjava.SeleniumTest">
        <test-method signature="browserAutomation()[pri:0, instance:quickprojectmaven.Mavenjava.SeleniumTest@1a052a00]" started-at="2021-06-11T14:48:55 IST" name="browserAutomation" finished-at="2021-06-11T14:48:55 IST" duration-ms="0" status="PASS">
          <reporter-output>
          </reporter-output>
        </test-method> <!-- browserAutomation -->
        <test-method signature="elementsUi()[pri:0, instance:quickprojectmaven.Mavenjava.SeleniumTest@1a052a00]" started-at="2021-06-11T14:48:55 IST" name="elementsUi" finished-at="2021-06-11T14:48:55 IST" duration-ms="0" status="PASS">
          <reporter-output>
          </reporter-output>
        </test-method> <!-- elementsUi -->
      </class> <!-- quickprojectmaven.Mavenjava.SeleniumTest -->
      <class name="quickprojectmaven.Mavenjava.AppiumTest">
        <test-method signature="IOSApps()[pri:0, instance:quickprojectmaven.Mavenjava.AppiumTest@255b53dc]" started-at="2021-06-11T14:48:55 IST" name="IOSApps" finished-at="2021-06-11T14:48:55 IST" duration-ms="8" status="PASS">
          <reporter-output>
          </reporter-output>
        </test-method> <!-- IOSApps -->
        <test-method signature="nativeAppAndroid()[pri:0, instance:quickprojectmaven.Mavenjava.AppiumTest@255b53dc]" started-at="2021-06-11T14:48:55 IST" name="nativeAppAndroid" finished-at="2021-06-11T14:48:55 IST" duration-ms="1" status="PASS">
          <reporter-output>
          </reporter-output>
        </test-method> <!-- nativeAppAndroid -->
      </class> <!-- quickprojectmaven.Mavenjava.AppiumTest -->
    </test> <!-- Surefire test -->
  </suite> <!-- Surefire suite -->
</testng-results>
