<?xml version="1.0" encoding="UTF-8"?>
<testng-results skipped="0" failed="0" ignored="0" total="2" passed="2">
  <reporter-output>
  </reporter-output>
  <suite name="Default suite" duration-ms="161" started-at="2021-06-03T11:32:50 IST" finished-at="2021-06-03T11:32:50 IST">
    <groups>
    </groups>
    <test name="Default test" duration-ms="161" started-at="2021-06-03T11:32:50 IST" finished-at="2021-06-03T11:32:50 IST">
      <class name="quickprojectmaven.Mavenjava.AppiumTest">
        <test-method status="PASS" signature="IOSApps()[pri:0, instance:quickprojectmaven.Mavenjava.AppiumTest@3aeaafa6]" name="IOSApps" duration-ms="44" started-at="2021-06-03T11:32:50 IST" finished-at="2021-06-03T11:32:50 IST">
          <reporter-output>
          </reporter-output>
        </test-method> <!-- IOSApps -->
        <test-method status="PASS" signature="nativeAppAndroid()[pri:0, instance:quickprojectmaven.Mavenjava.AppiumTest@3aeaafa6]" name="nativeAppAndroid" duration-ms="3" started-at="2021-06-03T11:32:50 IST" finished-at="2021-06-03T11:32:50 IST">
          <reporter-output>
          </reporter-output>
        </test-method> <!-- nativeAppAndroid -->
      </class> <!-- quickprojectmaven.Mavenjava.AppiumTest -->
    </test> <!-- Default test -->
  </suite> <!-- Default suite -->
</testng-results>
